[2018-10-19 09:36:45.555] [exthost1] [info] extension host started
[2018-10-19 09:36:45.571] [exthost1] [info] ExtensionService#_doActivateExtension vscode.debug-auto-launch {"startup":true,"activationEvent":"*"}
[2018-10-19 09:36:45.571] [exthost1] [info] ExtensionService#loadCommonJSModule /usr/share/code/resources/app/extensions/debug-auto-launch/out/extension
[2018-10-19 09:36:45.579] [exthost1] [info] ExtensionService#_doActivateExtension vscode.emmet {"startup":true,"activationEvent":"*"}
[2018-10-19 09:36:45.579] [exthost1] [info] ExtensionService#loadCommonJSModule /usr/share/code/resources/app/extensions/emmet/out/extension
[2018-10-19 09:36:45.622] [exthost1] [info] ExtensionService#_doActivateExtension vscode.git {"startup":true,"activationEvent":"*"}
[2018-10-19 09:36:45.622] [exthost1] [info] ExtensionService#loadCommonJSModule /usr/share/code/resources/app/extensions/git/out/main
[2018-10-19 09:36:45.737] [exthost1] [info] ExtensionService#_doActivateExtension vscode.merge-conflict {"startup":true,"activationEvent":"*"}
[2018-10-19 09:36:45.737] [exthost1] [info] ExtensionService#loadCommonJSModule /usr/share/code/resources/app/extensions/merge-conflict/out/extension
[2018-10-19 09:36:45.744] [exthost1] [info] ExtensionService#_doActivateExtension vscode.search-rg {"startup":true,"activationEvent":"*"}
[2018-10-19 09:36:45.744] [exthost1] [info] ExtensionService#loadCommonJSModule /usr/share/code/resources/app/extensions/search-rg/out/extension
[2018-10-19 09:36:45.748] [exthost1] [info] ExtensionService#_doActivateExtension dbaeumer.vscode-eslint {"startup":true,"activationEvent":"*"}
[2018-10-19 09:36:45.748] [exthost1] [info] ExtensionService#loadCommonJSModule /home/abn/.vscode/extensions/dbaeumer.vscode-eslint-1.6.0/client/out/extension
[2018-10-19 09:36:45.789] [exthost1] [info] ExtensionService#_doActivateExtension formulahendry.auto-close-tag {"startup":true,"activationEvent":"*"}
[2018-10-19 09:36:45.789] [exthost1] [info] ExtensionService#loadCommonJSModule /home/abn/.vscode/extensions/formulahendry.auto-close-tag-0.5.6/out/src/extension
[2018-10-19 09:36:45.789] [exthost1] [info] ExtensionService#_doActivateExtension formulahendry.auto-rename-tag {"startup":true,"activationEvent":"*"}
[2018-10-19 09:36:45.789] [exthost1] [info] ExtensionService#loadCommonJSModule /home/abn/.vscode/extensions/formulahendry.auto-rename-tag-0.0.15/out/src/extension
[2018-10-19 09:36:45.791] [exthost1] [info] ExtensionService#_doActivateExtension formulahendry.terminal {"startup":true,"activationEvent":"*"}
[2018-10-19 09:36:45.791] [exthost1] [info] ExtensionService#loadCommonJSModule /home/abn/.vscode/extensions/formulahendry.terminal-0.0.10/out/src/extension
[2018-10-19 09:36:45.807] [exthost1] [info] ExtensionService#_doActivateExtension HookyQR.beautify {"startup":true,"activationEvent":"*"}
[2018-10-19 09:36:45.807] [exthost1] [info] ExtensionService#loadCommonJSModule /home/abn/.vscode/extensions/hookyqr.beautify-1.4.6/extension
[2018-10-19 09:36:45.841] [exthost1] [info] ExtensionService#_doActivateExtension PKief.material-icon-theme {"startup":true,"activationEvent":"*"}
[2018-10-19 09:36:45.841] [exthost1] [info] ExtensionService#loadCommonJSModule /home/abn/.vscode/extensions/pkief.material-icon-theme-3.6.0/out/src/extension
[2018-10-19 09:36:46.083] [exthost1] [info] eager extensions activated
[2018-10-19 09:44:52.155] [exthost1] [info] ExtensionService#_doActivateExtension vscode.typescript-language-features {"startup":false,"activationEvent":"onLanguage:javascript"}
[2018-10-19 09:44:52.155] [exthost1] [info] ExtensionService#loadCommonJSModule /usr/share/code/resources/app/extensions/typescript-language-features/out/extension
[2018-10-19 09:44:52.255] [exthost1] [info] ExtensionService#_doActivateExtension christian-kohler.npm-intellisense {"startup":false,"activationEvent":"onLanguage:javascript"}
[2018-10-19 09:44:52.255] [exthost1] [info] ExtensionService#loadCommonJSModule /home/abn/.vscode/extensions/christian-kohler.npm-intellisense-1.3.0/out/src/extension
[2018-10-19 09:44:52.267] [exthost1] [info] ExtensionService#_doActivateExtension dbaeumer.jshint {"startup":false,"activationEvent":"onLanguage:javascript"}
[2018-10-19 09:44:52.267] [exthost1] [info] ExtensionService#loadCommonJSModule /home/abn/.vscode/extensions/dbaeumer.jshint-0.10.20/jshint/out/extension
[2018-10-19 09:45:35.330] [exthost1] [info] ExtensionService#_doActivateExtension vscode.extension-editing {"startup":false,"activationEvent":"onLanguage:typescript"}
[2018-10-19 09:45:35.330] [exthost1] [info] ExtensionService#loadCommonJSModule /usr/share/code/resources/app/extensions/extension-editing/out/extension
