Looking for git in: git
Using git 2.17.1 from git
> git rev-parse --show-toplevel
> git config --get commit.template
Open repository: /home/abn/my-projects/habee_project/habee
> git status -z -u
> git symbolic-ref --short HEAD
> git rev-parse add_route
> git rev-parse --symbolic-full-name add_route@{u}
> git for-each-ref --format %(refname) %(objectname) --sort -committerdate
> git remote --verbose
> git check-ignore -z --stdin
> git status -z -u
> git symbolic-ref --short HEAD
> git rev-parse add_route
> git rev-parse --symbolic-full-name add_route@{u}
> git for-each-ref --format %(refname) %(objectname) --sort -committerdate
> git remote --verbose
> git status -z -u
> git symbolic-ref --short HEAD
> git rev-parse add_route
> git rev-parse --symbolic-full-name add_route@{u}
> git for-each-ref --format %(refname) %(objectname) --sort -committerdate
> git remote --verbose
> git status -z -u
> git symbolic-ref --short HEAD
> git rev-parse add_route
> git rev-parse --symbolic-full-name add_route@{u}
> git for-each-ref --format %(refname) %(objectname) --sort -committerdate
> git remote --verbose
> git status -z -u
> git symbolic-ref --short HEAD
> git rev-parse add_route
> git rev-parse --symbolic-full-name add_route@{u}
> git for-each-ref --format %(refname) %(objectname) --sort -committerdate
> git remote --verbose
> git status -z -u
> git symbolic-ref --short HEAD
> git rev-parse add_route
> git rev-parse --symbolic-full-name add_route@{u}
> git for-each-ref --format %(refname) %(objectname) --sort -committerdate
> git remote --verbose
> git status -z -u
> git symbolic-ref --short HEAD
> git rev-parse add_route
> git rev-parse --symbolic-full-name add_route@{u}
> git for-each-ref --format %(refname) %(objectname) --sort -committerdate
> git remote --verbose
> git status -z -u
> git symbolic-ref --short HEAD
> git rev-parse add_route
> git rev-parse --symbolic-full-name add_route@{u}
> git for-each-ref --format %(refname) %(objectname) --sort -committerdate
> git remote --verbose
> git status -z -u
> git symbolic-ref --short HEAD
> git rev-parse add_route
> git rev-parse --symbolic-full-name add_route@{u}
> git for-each-ref --format %(refname) %(objectname) --sort -committerdate
> git remote --verbose
> git status -z -u
> git symbolic-ref --short HEAD
> git rev-parse add_route
> git rev-parse --symbolic-full-name add_route@{u}
> git for-each-ref --format %(refname) %(objectname) --sort -committerdate
> git remote --verbose
> git check-ignore -z --stdin
> git status -z -u
> git symbolic-ref --short HEAD
> git rev-parse add_route
> git rev-parse --symbolic-full-name add_route@{u}
> git for-each-ref --format %(refname) %(objectname) --sort -committerdate
> git remote --verbose
> git check-ignore -z --stdin
> git check-ignore -z --stdin
> git show :backend/api/controllers/eventController.js
> git status -z -u
> git symbolic-ref --short HEAD
> git rev-parse add_route
> git rev-parse --symbolic-full-name add_route@{u}
> git for-each-ref --format %(refname) %(objectname) --sort -committerdate
> git remote --verbose
> git status -z -u
> git symbolic-ref --short HEAD
> git rev-parse add_route
> git rev-parse --symbolic-full-name add_route@{u}
> git for-each-ref --format %(refname) %(objectname) --sort -committerdate
> git remote --verbose
> git status -z -u
> git symbolic-ref --short HEAD
> git rev-parse add_route
> git rev-parse --symbolic-full-name add_route@{u}
> git for-each-ref --format %(refname) %(objectname) --sort -committerdate
> git remote --verbose
> git status -z -u
> git symbolic-ref --short HEAD
> git rev-parse add_route
> git rev-parse --symbolic-full-name add_route@{u}
> git for-each-ref --format %(refname) %(objectname) --sort -committerdate
> git remote --verbose
> git status -z -u
> git symbolic-ref --short HEAD
> git rev-parse add_route
> git rev-parse --symbolic-full-name add_route@{u}
> git for-each-ref --format %(refname) %(objectname) --sort -committerdate
> git remote --verbose
> git status -z -u
> git symbolic-ref --short HEAD
> git rev-parse add_route
> git rev-parse --symbolic-full-name add_route@{u}
> git for-each-ref --format %(refname) %(objectname) --sort -committerdate
> git remote --verbose
> git status -z -u
> git symbolic-ref --short HEAD
> git rev-parse add_route
> git rev-parse --symbolic-full-name add_route@{u}
> git for-each-ref --format %(refname) %(objectname) --sort -committerdate
> git remote --verbose
> git status -z -u
> git symbolic-ref --short HEAD
> git rev-parse add_route
> git rev-parse --symbolic-full-name add_route@{u}
> git for-each-ref --format %(refname) %(objectname) --sort -committerdate
> git remote --verbose
> git status -z -u
> git symbolic-ref --short HEAD
> git rev-parse add_route
> git rev-parse --symbolic-full-name add_route@{u}
> git for-each-ref --format %(refname) %(objectname) --sort -committerdate
> git remote --verbose
> git status -z -u
> git symbolic-ref --short HEAD
> git rev-parse add_route
> git rev-parse --symbolic-full-name add_route@{u}
> git for-each-ref --format %(refname) %(objectname) --sort -committerdate
> git remote --verbose
> git status -z -u
> git symbolic-ref --short HEAD
> git rev-parse add_route
> git rev-parse --symbolic-full-name add_route@{u}
> git for-each-ref --format %(refname) %(objectname) --sort -committerdate
> git remote --verbose
> git status -z -u
> git symbolic-ref --short HEAD
> git rev-parse add_route
> git rev-parse --symbolic-full-name add_route@{u}
> git for-each-ref --format %(refname) %(objectname) --sort -committerdate
> git remote --verbose
> git status -z -u
> git symbolic-ref --short HEAD
> git rev-parse add_route
> git rev-parse --symbolic-full-name add_route@{u}
> git for-each-ref --format %(refname) %(objectname) --sort -committerdate
> git remote --verbose
> git status -z -u
> git symbolic-ref --short HEAD
> git rev-parse add_route
> git rev-parse --symbolic-full-name add_route@{u}
> git for-each-ref --format %(refname) %(objectname) --sort -committerdate
> git remote --verbose
> git status -z -u
> git symbolic-ref --short HEAD
> git rev-parse add_route
> git rev-parse --symbolic-full-name add_route@{u}
> git for-each-ref --format %(refname) %(objectname) --sort -committerdate
> git remote --verbose
> git status -z -u
> git symbolic-ref --short HEAD
> git rev-parse add_route
> git rev-parse --symbolic-full-name add_route@{u}
> git for-each-ref --format %(refname) %(objectname) --sort -committerdate
> git remote --verbose
> git status -z -u
> git symbolic-ref --short HEAD
> git rev-parse add_route
> git rev-parse --symbolic-full-name add_route@{u}
> git for-each-ref --format %(refname) %(objectname) --sort -committerdate
> git remote --verbose
> git status -z -u
> git symbolic-ref --short HEAD
> git rev-parse add_route
> git rev-parse --symbolic-full-name add_route@{u}
> git for-each-ref --format %(refname) %(objectname) --sort -committerdate
> git remote --verbose
> git check-ignore -z --stdin
> git show :backend/api/routes/events.js
> git status -z -u
> git symbolic-ref --short HEAD
> git rev-parse add_route
> git rev-parse --symbolic-full-name add_route@{u}
> git for-each-ref --format %(refname) %(objectname) --sort -committerdate
> git remote --verbose
> git status -z -u
> git symbolic-ref --short HEAD
> git rev-parse add_route
> git rev-parse --symbolic-full-name add_route@{u}
> git for-each-ref --format %(refname) %(objectname) --sort -committerdate
> git remote --verbose
> git status -z -u
> git symbolic-ref --short HEAD
> git rev-parse add_route
> git rev-parse --symbolic-full-name add_route@{u}
> git for-each-ref --format %(refname) %(objectname) --sort -committerdate
> git remote --verbose
> git status -z -u
> git symbolic-ref --short HEAD
> git rev-parse add_route
> git rev-parse --symbolic-full-name add_route@{u}
> git for-each-ref --format %(refname) %(objectname) --sort -committerdate
> git remote --verbose
> git status -z -u
> git symbolic-ref --short HEAD
> git rev-parse add_route
> git rev-parse --symbolic-full-name add_route@{u}
> git for-each-ref --format %(refname) %(objectname) --sort -committerdate
> git remote --verbose
> git status -z -u
> git symbolic-ref --short HEAD
> git rev-parse add_route
> git rev-parse --symbolic-full-name add_route@{u}
> git for-each-ref --format %(refname) %(objectname) --sort -committerdate
> git remote --verbose
> git status -z -u
> git symbolic-ref --short HEAD
> git rev-parse add_route
> git rev-parse --symbolic-full-name add_route@{u}
> git for-each-ref --format %(refname) %(objectname) --sort -committerdate
> git remote --verbose
> git show :backend/api/controllers/eventController.js
> git status -z -u
> git symbolic-ref --short HEAD
> git rev-parse add_route
> git rev-parse --symbolic-full-name add_route@{u}
> git for-each-ref --format %(refname) %(objectname) --sort -committerdate
> git remote --verbose
> git status -z -u
> git symbolic-ref --short HEAD
> git rev-parse add_route
> git rev-parse --symbolic-full-name add_route@{u}
> git for-each-ref --format %(refname) %(objectname) --sort -committerdate
> git remote --verbose
> git status -z -u
> git symbolic-ref --short HEAD
> git rev-parse add_route
> git rev-parse --symbolic-full-name add_route@{u}
> git for-each-ref --format %(refname) %(objectname) --sort -committerdate
> git remote --verbose
> git status -z -u
> git symbolic-ref --short HEAD
> git rev-parse add_route
> git rev-parse --symbolic-full-name add_route@{u}
> git for-each-ref --format %(refname) %(objectname) --sort -committerdate
> git remote --verbose
> git status -z -u
> git symbolic-ref --short HEAD
> git rev-parse add_route
> git rev-parse --symbolic-full-name add_route@{u}
> git for-each-ref --format %(refname) %(objectname) --sort -committerdate
> git remote --verbose
> git status -z -u
> git symbolic-ref --short HEAD
> git rev-parse add_route
> git rev-parse --symbolic-full-name add_route@{u}
> git for-each-ref --format %(refname) %(objectname) --sort -committerdate
> git remote --verbose
> git status -z -u
> git symbolic-ref --short HEAD
> git rev-parse add_route
> git rev-parse --symbolic-full-name add_route@{u}
> git for-each-ref --format %(refname) %(objectname) --sort -committerdate
> git remote --verbose
> git status -z -u
> git symbolic-ref --short HEAD
> git rev-parse add_route
> git rev-parse --symbolic-full-name add_route@{u}
> git for-each-ref --format %(refname) %(objectname) --sort -committerdate
> git remote --verbose
> git status -z -u
> git symbolic-ref --short HEAD
> git rev-parse add_route
> git rev-parse --symbolic-full-name add_route@{u}
> git for-each-ref --format %(refname) %(objectname) --sort -committerdate
> git remote --verbose
> git status -z -u
> git symbolic-ref --short HEAD
> git rev-parse add_route
> git rev-parse --symbolic-full-name add_route@{u}
> git for-each-ref --format %(refname) %(objectname) --sort -committerdate
> git remote --verbose
> git status -z -u
> git symbolic-ref --short HEAD
> git rev-parse add_route
> git rev-parse --symbolic-full-name add_route@{u}
> git for-each-ref --format %(refname) %(objectname) --sort -committerdate
> git remote --verbose
> git status -z -u
> git symbolic-ref --short HEAD
> git rev-parse add_route
> git rev-parse --symbolic-full-name add_route@{u}
> git for-each-ref --format %(refname) %(objectname) --sort -committerdate
> git remote --verbose
> git status -z -u
> git symbolic-ref --short HEAD
> git rev-parse add_route
> git rev-parse --symbolic-full-name add_route@{u}
> git for-each-ref --format %(refname) %(objectname) --sort -committerdate
> git remote --verbose
> git status -z -u
> git symbolic-ref --short HEAD
> git rev-parse add_route
> git rev-parse --symbolic-full-name add_route@{u}
> git for-each-ref --format %(refname) %(objectname) --sort -committerdate
> git remote --verbose
> git status -z -u
> git symbolic-ref --short HEAD
> git rev-parse add_route
> git rev-parse --symbolic-full-name add_route@{u}
> git for-each-ref --format %(refname) %(objectname) --sort -committerdate
> git remote --verbose
> git status -z -u
> git symbolic-ref --short HEAD
> git rev-parse add_route
> git rev-parse --symbolic-full-name add_route@{u}
> git for-each-ref --format %(refname) %(objectname) --sort -committerdate
> git remote --verbose
> git status -z -u
> git symbolic-ref --short HEAD
> git rev-parse add_route
> git rev-parse --symbolic-full-name add_route@{u}
> git for-each-ref --format %(refname) %(objectname) --sort -committerdate
> git remote --verbose
> git status -z -u
> git symbolic-ref --short HEAD
> git rev-parse add_route
> git rev-parse --symbolic-full-name add_route@{u}
> git for-each-ref --format %(refname) %(objectname) --sort -committerdate
> git remote --verbose
> git show :backend/api/routes/events.js
> git status -z -u
> git symbolic-ref --short HEAD
> git rev-parse add_route
> git rev-parse --symbolic-full-name add_route@{u}
> git for-each-ref --format %(refname) %(objectname) --sort -committerdate
> git remote --verbose
> git status -z -u
> git symbolic-ref --short HEAD
> git rev-parse add_route
> git rev-parse --symbolic-full-name add_route@{u}
> git for-each-ref --format %(refname) %(objectname) --sort -committerdate
> git remote --verbose
> git status -z -u
> git symbolic-ref --short HEAD
> git rev-parse add_route
> git rev-parse --symbolic-full-name add_route@{u}
> git for-each-ref --format %(refname) %(objectname) --sort -committerdate
> git remote --verbose
> git status -z -u
> git symbolic-ref --short HEAD
> git rev-parse add_route
> git rev-parse --symbolic-full-name add_route@{u}
> git for-each-ref --format %(refname) %(objectname) --sort -committerdate
> git remote --verbose
> git status -z -u
> git symbolic-ref --short HEAD
> git rev-parse add_route
> git rev-parse --symbolic-full-name add_route@{u}
> git for-each-ref --format %(refname) %(objectname) --sort -committerdate
> git remote --verbose
> git status -z -u
> git symbolic-ref --short HEAD
> git rev-parse add_route
> git rev-parse --symbolic-full-name add_route@{u}
> git for-each-ref --format %(refname) %(objectname) --sort -committerdate
> git remote --verbose
> git status -z -u
> git symbolic-ref --short HEAD
> git rev-parse add_route
> git rev-parse --symbolic-full-name add_route@{u}
> git for-each-ref --format %(refname) %(objectname) --sort -committerdate
> git remote --verbose
> git status -z -u
> git symbolic-ref --short HEAD
> git rev-parse add_route
> git rev-parse --symbolic-full-name add_route@{u}
> git for-each-ref --format %(refname) %(objectname) --sort -committerdate
> git remote --verbose
> git status -z -u
> git symbolic-ref --short HEAD
> git rev-parse add_route
> git rev-parse --symbolic-full-name add_route@{u}
> git for-each-ref --format %(refname) %(objectname) --sort -committerdate
> git remote --verbose
> git check-ignore -z --stdin
> git check-ignore -z --stdin
> git status -z -u
> git symbolic-ref --short HEAD
> git rev-parse add_route
> git rev-parse --symbolic-full-name add_route@{u}
> git for-each-ref --format %(refname) %(objectname) --sort -committerdate
> git remote --verbose
> git check-ignore -z --stdin
> git status -z -u
> git symbolic-ref --short HEAD
> git rev-parse add_route
> git rev-parse --symbolic-full-name add_route@{u}
> git for-each-ref --format %(refname) %(objectname) --sort -committerdate
> git remote --verbose
> git check-ignore -z --stdin
> git status -z -u
> git symbolic-ref --short HEAD
> git rev-parse add_route
> git rev-parse --symbolic-full-name add_route@{u}
> git for-each-ref --format %(refname) %(objectname) --sort -committerdate
> git remote --verbose
> git check-ignore -z --stdin
> git status -z -u
> git symbolic-ref --short HEAD
> git rev-parse add_route
> git rev-parse --symbolic-full-name add_route@{u}
> git for-each-ref --format %(refname) %(objectname) --sort -committerdate
> git remote --verbose
> git status -z -u
> git symbolic-ref --short HEAD
> git rev-parse add_route
> git rev-parse --symbolic-full-name add_route@{u}
> git for-each-ref --format %(refname) %(objectname) --sort -committerdate
> git remote --verbose
> git check-ignore -z --stdin
> git status -z -u
> git symbolic-ref --short HEAD
> git rev-parse add_route
> git rev-parse --symbolic-full-name add_route@{u}
> git for-each-ref --format %(refname) %(objectname) --sort -committerdate
> git remote --verbose
> git check-ignore -z --stdin
> git status -z -u
> git symbolic-ref --short HEAD
> git rev-parse add_route
> git rev-parse --symbolic-full-name add_route@{u}
> git for-each-ref --format %(refname) %(objectname) --sort -committerdate
> git remote --verbose
> git show :frontend/src/pages/events/events.ts
> git status -z -u
> git symbolic-ref --short HEAD
> git rev-parse add_route
> git rev-parse --symbolic-full-name add_route@{u}
> git for-each-ref --format %(refname) %(objectname) --sort -committerdate
> git remote --verbose
> git status -z -u
> git symbolic-ref --short HEAD
> git rev-parse add_route
> git rev-parse --symbolic-full-name add_route@{u}
> git for-each-ref --format %(refname) %(objectname) --sort -committerdate
> git remote --verbose
> git show :frontend/src/pages/events/events.html
> git status -z -u
> git symbolic-ref --short HEAD
> git rev-parse add_route
> git rev-parse --symbolic-full-name add_route@{u}
> git for-each-ref --format %(refname) %(objectname) --sort -committerdate
> git remote --verbose
> git status -z -u
> git symbolic-ref --short HEAD
> git rev-parse add_route
> git rev-parse --symbolic-full-name add_route@{u}
> git for-each-ref --format %(refname) %(objectname) --sort -committerdate
> git remote --verbose
> git show :backend/api/controllers/eventController.js
> git show :frontend/src/pages/events/events.html
> git status -z -u
> git symbolic-ref --short HEAD
> git rev-parse add_route
> git rev-parse --symbolic-full-name add_route@{u}
> git for-each-ref --format %(refname) %(objectname) --sort -committerdate
> git remote --verbose
> git show :frontend/src/pages/events/events.ts
> git status -z -u
> git symbolic-ref --short HEAD
> git rev-parse add_route
> git rev-parse --symbolic-full-name add_route@{u}
> git for-each-ref --format %(refname) %(objectname) --sort -committerdate
> git remote --verbose
> git status -z -u
> git symbolic-ref --short HEAD
> git rev-parse add_route
> git rev-parse --symbolic-full-name add_route@{u}
> git for-each-ref --format %(refname) %(objectname) --sort -committerdate
> git remote --verbose
> git status -z -u
> git symbolic-ref --short HEAD
> git rev-parse add_route
> git rev-parse --symbolic-full-name add_route@{u}
> git for-each-ref --format %(refname) %(objectname) --sort -committerdate
> git remote --verbose
> git status -z -u
> git symbolic-ref --short HEAD
> git rev-parse add_route
> git rev-parse --symbolic-full-name add_route@{u}
> git for-each-ref --format %(refname) %(objectname) --sort -committerdate
> git remote --verbose
> git status -z -u
> git symbolic-ref --short HEAD
> git rev-parse add_route
> git rev-parse --symbolic-full-name add_route@{u}
> git for-each-ref --format %(refname) %(objectname) --sort -committerdate
> git remote --verbose
> git status -z -u
> git symbolic-ref --short HEAD
> git rev-parse add_route
> git rev-parse --symbolic-full-name add_route@{u}
> git for-each-ref --format %(refname) %(objectname) --sort -committerdate
> git remote --verbose
> git status -z -u
> git symbolic-ref --short HEAD
> git rev-parse add_route
> git rev-parse --symbolic-full-name add_route@{u}
> git for-each-ref --format %(refname) %(objectname) --sort -committerdate
> git remote --verbose
> git status -z -u
> git symbolic-ref --short HEAD
> git rev-parse add_route
> git rev-parse --symbolic-full-name add_route@{u}
> git for-each-ref --format %(refname) %(objectname) --sort -committerdate
> git remote --verbose
> git status -z -u
> git symbolic-ref --short HEAD
> git rev-parse add_route
> git rev-parse --symbolic-full-name add_route@{u}
> git for-each-ref --format %(refname) %(objectname) --sort -committerdate
> git remote --verbose
> git status -z -u
> git symbolic-ref --short HEAD
> git rev-parse add_route
> git rev-parse --symbolic-full-name add_route@{u}
> git for-each-ref --format %(refname) %(objectname) --sort -committerdate
> git remote --verbose
> git status -z -u
> git symbolic-ref --short HEAD
> git rev-parse add_route
> git rev-parse --symbolic-full-name add_route@{u}
> git for-each-ref --format %(refname) %(objectname) --sort -committerdate
> git remote --verbose
> git status -z -u
> git symbolic-ref --short HEAD
> git rev-parse add_route
> git rev-parse --symbolic-full-name add_route@{u}
> git for-each-ref --format %(refname) %(objectname) --sort -committerdate
> git remote --verbose
> git status -z -u
> git symbolic-ref --short HEAD
> git rev-parse add_route
> git rev-parse --symbolic-full-name add_route@{u}
> git for-each-ref --format %(refname) %(objectname) --sort -committerdate
> git remote --verbose
> git status -z -u
> git symbolic-ref --short HEAD
> git rev-parse add_route
> git rev-parse --symbolic-full-name add_route@{u}
> git for-each-ref --format %(refname) %(objectname) --sort -committerdate
> git remote --verbose
> git status -z -u
> git symbolic-ref --short HEAD
> git rev-parse add_route
> git rev-parse --symbolic-full-name add_route@{u}
> git for-each-ref --format %(refname) %(objectname) --sort -committerdate
> git remote --verbose
> git status -z -u
> git symbolic-ref --short HEAD
> git rev-parse add_route
> git rev-parse --symbolic-full-name add_route@{u}
> git for-each-ref --format %(refname) %(objectname) --sort -committerdate
> git remote --verbose
> git status -z -u
> git symbolic-ref --short HEAD
> git rev-parse add_route
> git rev-parse --symbolic-full-name add_route@{u}
> git for-each-ref --format %(refname) %(objectname) --sort -committerdate
> git remote --verbose
> git status -z -u
> git symbolic-ref --short HEAD
> git rev-parse add_route
> git rev-parse --symbolic-full-name add_route@{u}
> git for-each-ref --format %(refname) %(objectname) --sort -committerdate
> git remote --verbose
> git show :frontend/src/pages/events/events.html
> git status -z -u
> git symbolic-ref --short HEAD
> git rev-parse add_route
> git rev-parse --symbolic-full-name add_route@{u}
> git for-each-ref --format %(refname) %(objectname) --sort -committerdate
> git remote --verbose
> git status -z -u
> git symbolic-ref --short HEAD
> git rev-parse add_route
> git rev-parse --symbolic-full-name add_route@{u}
> git for-each-ref --format %(refname) %(objectname) --sort -committerdate
> git remote --verbose
> git status -z -u
> git symbolic-ref --short HEAD
> git rev-parse add_route
> git rev-parse --symbolic-full-name add_route@{u}
> git for-each-ref --format %(refname) %(objectname) --sort -committerdate
> git remote --verbose
> git show :frontend/src/pages/events/events.ts
> git status -z -u
> git symbolic-ref --short HEAD
> git rev-parse add_route
> git rev-parse --symbolic-full-name add_route@{u}
> git for-each-ref --format %(refname) %(objectname) --sort -committerdate
> git remote --verbose
> git status -z -u
> git symbolic-ref --short HEAD
> git rev-parse add_route
> git rev-parse --symbolic-full-name add_route@{u}
> git for-each-ref --format %(refname) %(objectname) --sort -committerdate
> git remote --verbose
> git show :frontend/src/pages/events/events.html
> git status -z -u
> git symbolic-ref --short HEAD
> git rev-parse add_route
> git rev-parse --symbolic-full-name add_route@{u}
> git for-each-ref --format %(refname) %(objectname) --sort -committerdate
> git remote --verbose
> git show :frontend/src/pages/events/events.module.ts
> git status -z -u
> git symbolic-ref --short HEAD
> git rev-parse add_route
> git rev-parse --symbolic-full-name add_route@{u}
> git for-each-ref --format %(refname) %(objectname) --sort -committerdate
> git remote --verbose
> git check-ignore -z --stdin
> git show :frontend/src/app/app.component.ts
> git status -z -u
> git symbolic-ref --short HEAD
> git rev-parse add_route
> git rev-parse --symbolic-full-name add_route@{u}
> git for-each-ref --format %(refname) %(objectname) --sort -committerdate
> git remote --verbose
> git show :frontend/src/app/app.module.ts
