[Info  - 7:24:18 PM] Using tsserver from: /usr/share/code/resources/app/extensions/node_modules/typescript/lib
[Info  - 7:24:18 PM] Forking TSServer
PATH: /usr/local/sbin:/usr/local/bin:/usr/sbin:/usr/bin:/sbin:/bin:/snap/bin 
[Info  - 7:24:18 PM] Started TSServer
[Error  - 4:38:18 PM] 'completionInfo' request failed with error.
Error processing request. Cannot read property 'kind' of undefined
TypeError: Cannot read property 'kind' of undefined
    at Object.isStringLiteralLike (/usr/share/code/resources/app/extensions/node_modules/typescript/lib/tsserver.js:13820:21)
    at isValidTrigger (/usr/share/code/resources/app/extensions/node_modules/typescript/lib/tsserver.js:93178:31)
    at Object.getCompletionsAtPosition (/usr/share/code/resources/app/extensions/node_modules/typescript/lib/tsserver.js:91291:38)
    at Object.getCompletionsAtPosition (/usr/share/code/resources/app/extensions/node_modules/typescript/lib/tsserver.js:111428:35)
    at IOSession.Session.getCompletions (/usr/share/code/resources/app/extensions/node_modules/typescript/lib/tsserver.js:119014:64)
    at Session.handlers.ts.createMapFromTemplate._a.(anonymous function) (/usr/share/code/resources/app/extensions/node_modules/typescript/lib/tsserver.js:118089:61)
    at /usr/share/code/resources/app/extensions/node_modules/typescript/lib/tsserver.js:119496:88
    at IOSession.Session.executeWithRequestId (/usr/share/code/resources/app/extensions/node_modules/typescript/lib/tsserver.js:119487:28)
    at IOSession.Session.executeCommand (/usr/share/code/resources/app/extensions/node_modules/typescript/lib/tsserver.js:119496:33)
    at IOSession.Session.onMessage (/usr/share/code/resources/app/extensions/node_modules/typescript/lib/tsserver.js:119516:35)
    at Interface.<anonymous> (/usr/share/code/resources/app/extensions/node_modules/typescript/lib/tsserver.js:120770:27)
    at emitOne (events.js:116:13)
    at Interface.emit (events.js:211:7)
    at Interface._onLine (readline.js:282:10)
    at Interface._normalWrite (readline.js:424:12)
    at Socket.ondata (readline.js:141:10)
    at emitOne (events.js:116:13)
    at Socket.emit (events.js:211:7)
    at addChunk (_stream_readable.js:263:12)
    at readableAddChunk (_stream_readable.js:250:11)
    at Socket.Readable.push (_stream_readable.js:208:10)
    at Pipe.onread (net.js:594:20)
[Error  - 4:38:43 PM] 'completionInfo' request failed with error.
Error processing request. Cannot read property 'kind' of undefined
TypeError: Cannot read property 'kind' of undefined
    at Object.isStringLiteralLike (/usr/share/code/resources/app/extensions/node_modules/typescript/lib/tsserver.js:13820:21)
    at isValidTrigger (/usr/share/code/resources/app/extensions/node_modules/typescript/lib/tsserver.js:93178:31)
    at Object.getCompletionsAtPosition (/usr/share/code/resources/app/extensions/node_modules/typescript/lib/tsserver.js:91291:38)
    at Object.getCompletionsAtPosition (/usr/share/code/resources/app/extensions/node_modules/typescript/lib/tsserver.js:111428:35)
    at IOSession.Session.getCompletions (/usr/share/code/resources/app/extensions/node_modules/typescript/lib/tsserver.js:119014:64)
    at Session.handlers.ts.createMapFromTemplate._a.(anonymous function) (/usr/share/code/resources/app/extensions/node_modules/typescript/lib/tsserver.js:118089:61)
    at /usr/share/code/resources/app/extensions/node_modules/typescript/lib/tsserver.js:119496:88
    at IOSession.Session.executeWithRequestId (/usr/share/code/resources/app/extensions/node_modules/typescript/lib/tsserver.js:119487:28)
    at IOSession.Session.executeCommand (/usr/share/code/resources/app/extensions/node_modules/typescript/lib/tsserver.js:119496:33)
    at IOSession.Session.onMessage (/usr/share/code/resources/app/extensions/node_modules/typescript/lib/tsserver.js:119516:35)
    at Interface.<anonymous> (/usr/share/code/resources/app/extensions/node_modules/typescript/lib/tsserver.js:120770:27)
    at emitOne (events.js:116:13)
    at Interface.emit (events.js:211:7)
    at Interface._onLine (readline.js:282:10)
    at Interface._normalWrite (readline.js:424:12)
    at Socket.ondata (readline.js:141:10)
    at emitOne (events.js:116:13)
    at Socket.emit (events.js:211:7)
    at addChunk (_stream_readable.js:263:12)
    at readableAddChunk (_stream_readable.js:250:11)
    at Socket.Readable.push (_stream_readable.js:208:10)
    at Pipe.onread (net.js:594:20)
[Error  - 4:38:49 PM] 'completionInfo' request failed with error.
Error processing request. Cannot read property 'kind' of undefined
TypeError: Cannot read property 'kind' of undefined
    at Object.isStringLiteralLike (/usr/share/code/resources/app/extensions/node_modules/typescript/lib/tsserver.js:13820:21)
    at isValidTrigger (/usr/share/code/resources/app/extensions/node_modules/typescript/lib/tsserver.js:93178:31)
    at Object.getCompletionsAtPosition (/usr/share/code/resources/app/extensions/node_modules/typescript/lib/tsserver.js:91291:38)
    at Object.getCompletionsAtPosition (/usr/share/code/resources/app/extensions/node_modules/typescript/lib/tsserver.js:111428:35)
    at IOSession.Session.getCompletions (/usr/share/code/resources/app/extensions/node_modules/typescript/lib/tsserver.js:119014:64)
    at Session.handlers.ts.createMapFromTemplate._a.(anonymous function) (/usr/share/code/resources/app/extensions/node_modules/typescript/lib/tsserver.js:118089:61)
    at /usr/share/code/resources/app/extensions/node_modules/typescript/lib/tsserver.js:119496:88
    at IOSession.Session.executeWithRequestId (/usr/share/code/resources/app/extensions/node_modules/typescript/lib/tsserver.js:119487:28)
    at IOSession.Session.executeCommand (/usr/share/code/resources/app/extensions/node_modules/typescript/lib/tsserver.js:119496:33)
    at IOSession.Session.onMessage (/usr/share/code/resources/app/extensions/node_modules/typescript/lib/tsserver.js:119516:35)
    at Interface.<anonymous> (/usr/share/code/resources/app/extensions/node_modules/typescript/lib/tsserver.js:120770:27)
    at emitOne (events.js:116:13)
    at Interface.emit (events.js:211:7)
    at Interface._onLine (readline.js:282:10)
    at Interface._normalWrite (readline.js:424:12)
    at Socket.ondata (readline.js:141:10)
    at emitOne (events.js:116:13)
    at Socket.emit (events.js:211:7)
    at addChunk (_stream_readable.js:263:12)
    at readableAddChunk (_stream_readable.js:250:11)
    at Socket.Readable.push (_stream_readable.js:208:10)
    at Pipe.onread (net.js:594:20)
[Error  - 4:38:50 PM] 'completionInfo' request failed with error.
Error processing request. Cannot read property 'kind' of undefined
TypeError: Cannot read property 'kind' of undefined
    at isStringLiteralOrTemplate (/usr/share/code/resources/app/extensions/node_modules/typescript/lib/tsserver.js:93190:26)
    at isValidTrigger (/usr/share/code/resources/app/extensions/node_modules/typescript/lib/tsserver.js:93173:28)
    at Object.getCompletionsAtPosition (/usr/share/code/resources/app/extensions/node_modules/typescript/lib/tsserver.js:91291:38)
    at Object.getCompletionsAtPosition (/usr/share/code/resources/app/extensions/node_modules/typescript/lib/tsserver.js:111428:35)
    at IOSession.Session.getCompletions (/usr/share/code/resources/app/extensions/node_modules/typescript/lib/tsserver.js:119014:64)
    at Session.handlers.ts.createMapFromTemplate._a.(anonymous function) (/usr/share/code/resources/app/extensions/node_modules/typescript/lib/tsserver.js:118089:61)
    at /usr/share/code/resources/app/extensions/node_modules/typescript/lib/tsserver.js:119496:88
    at IOSession.Session.executeWithRequestId (/usr/share/code/resources/app/extensions/node_modules/typescript/lib/tsserver.js:119487:28)
    at IOSession.Session.executeCommand (/usr/share/code/resources/app/extensions/node_modules/typescript/lib/tsserver.js:119496:33)
    at IOSession.Session.onMessage (/usr/share/code/resources/app/extensions/node_modules/typescript/lib/tsserver.js:119516:35)
    at Interface.<anonymous> (/usr/share/code/resources/app/extensions/node_modules/typescript/lib/tsserver.js:120770:27)
    at emitOne (events.js:116:13)
    at Interface.emit (events.js:211:7)
    at Interface._onLine (readline.js:282:10)
    at Interface._normalWrite (readline.js:424:12)
    at Socket.ondata (readline.js:141:10)
    at emitOne (events.js:116:13)
    at Socket.emit (events.js:211:7)
    at addChunk (_stream_readable.js:263:12)
    at readableAddChunk (_stream_readable.js:250:11)
    at Socket.Readable.push (_stream_readable.js:208:10)
    at Pipe.onread (net.js:594:20)
[Error  - 4:38:53 PM] 'completionInfo' request failed with error.
Error processing request. Cannot read property 'kind' of undefined
TypeError: Cannot read property 'kind' of undefined
    at isStringLiteralOrTemplate (/usr/share/code/resources/app/extensions/node_modules/typescript/lib/tsserver.js:93190:26)
    at isValidTrigger (/usr/share/code/resources/app/extensions/node_modules/typescript/lib/tsserver.js:93173:28)
    at Object.getCompletionsAtPosition (/usr/share/code/resources/app/extensions/node_modules/typescript/lib/tsserver.js:91291:38)
    at Object.getCompletionsAtPosition (/usr/share/code/resources/app/extensions/node_modules/typescript/lib/tsserver.js:111428:35)
    at IOSession.Session.getCompletions (/usr/share/code/resources/app/extensions/node_modules/typescript/lib/tsserver.js:119014:64)
    at Session.handlers.ts.createMapFromTemplate._a.(anonymous function) (/usr/share/code/resources/app/extensions/node_modules/typescript/lib/tsserver.js:118089:61)
    at /usr/share/code/resources/app/extensions/node_modules/typescript/lib/tsserver.js:119496:88
    at IOSession.Session.executeWithRequestId (/usr/share/code/resources/app/extensions/node_modules/typescript/lib/tsserver.js:119487:28)
    at IOSession.Session.executeCommand (/usr/share/code/resources/app/extensions/node_modules/typescript/lib/tsserver.js:119496:33)
    at IOSession.Session.onMessage (/usr/share/code/resources/app/extensions/node_modules/typescript/lib/tsserver.js:119516:35)
    at Interface.<anonymous> (/usr/share/code/resources/app/extensions/node_modules/typescript/lib/tsserver.js:120770:27)
    at emitOne (events.js:116:13)
    at Interface.emit (events.js:211:7)
    at Interface._onLine (readline.js:282:10)
    at Interface._normalWrite (readline.js:424:12)
    at Socket.ondata (readline.js:141:10)
    at emitOne (events.js:116:13)
    at Socket.emit (events.js:211:7)
    at addChunk (_stream_readable.js:263:12)
    at readableAddChunk (_stream_readable.js:250:11)
    at Socket.Readable.push (_stream_readable.js:208:10)
    at Pipe.onread (net.js:594:20)
[Error  - 5:07:54 PM] 'completionInfo' request failed with error.
Error processing request. Cannot read property 'close' of undefined
TypeError: Cannot read property 'close' of undefined
    at /usr/share/code/resources/app/extensions/node_modules/typescript/lib/tsserver.js:85383:37
    at Map.forEach (<anonymous>)
    at Object.finishCachingPerDirectoryResolution (/usr/share/code/resources/app/extensions/node_modules/typescript/lib/tsserver.js:85380:45)
    at InferredProject.Project.updateGraphWorker (/usr/share/code/resources/app/extensions/node_modules/typescript/lib/tsserver.js:115435:38)
    at InferredProject.Project.updateGraph (/usr/share/code/resources/app/extensions/node_modules/typescript/lib/tsserver.js:115381:42)
    at InferredProject.Project.getLanguageService (/usr/share/code/resources/app/extensions/node_modules/typescript/lib/tsserver.js:115087:26)
    at IOSession.Session.getCompletions (/usr/share/code/resources/app/extensions/node_modules/typescript/lib/tsserver.js:119014:43)
    at Session.handlers.ts.createMapFromTemplate._a.(anonymous function) (/usr/share/code/resources/app/extensions/node_modules/typescript/lib/tsserver.js:118089:61)
    at /usr/share/code/resources/app/extensions/node_modules/typescript/lib/tsserver.js:119496:88
    at IOSession.Session.executeWithRequestId (/usr/share/code/resources/app/extensions/node_modules/typescript/lib/tsserver.js:119487:28)
    at IOSession.Session.executeCommand (/usr/share/code/resources/app/extensions/node_modules/typescript/lib/tsserver.js:119496:33)
    at IOSession.Session.onMessage (/usr/share/code/resources/app/extensions/node_modules/typescript/lib/tsserver.js:119516:35)
    at Interface.<anonymous> (/usr/share/code/resources/app/extensions/node_modules/typescript/lib/tsserver.js:120770:27)
    at emitOne (events.js:116:13)
    at Interface.emit (events.js:211:7)
    at Interface._onLine (readline.js:282:10)
    at Interface._normalWrite (readline.js:424:12)
    at Socket.ondata (readline.js:141:10)
    at emitOne (events.js:116:13)
    at Socket.emit (events.js:211:7)
    at addChunk (_stream_readable.js:263:12)
    at readableAddChunk (_stream_readable.js:250:11)
    at Socket.Readable.push (_stream_readable.js:208:10)
    at Pipe.onread (net.js:594:20)
