[2018-10-18 18:09:23.332] [exthost1] [info] extension host started
[2018-10-18 18:09:23.349] [exthost1] [info] ExtensionService#_doActivateExtension vscode.debug-auto-launch {"startup":true,"activationEvent":"*"}
[2018-10-18 18:09:23.349] [exthost1] [info] ExtensionService#loadCommonJSModule /usr/share/code/resources/app/extensions/debug-auto-launch/out/extension
[2018-10-18 18:09:23.355] [exthost1] [info] ExtensionService#_doActivateExtension vscode.emmet {"startup":true,"activationEvent":"*"}
[2018-10-18 18:09:23.355] [exthost1] [info] ExtensionService#loadCommonJSModule /usr/share/code/resources/app/extensions/emmet/out/extension
[2018-10-18 18:09:23.394] [exthost1] [info] ExtensionService#_doActivateExtension vscode.git {"startup":true,"activationEvent":"*"}
[2018-10-18 18:09:23.394] [exthost1] [info] ExtensionService#loadCommonJSModule /usr/share/code/resources/app/extensions/git/out/main
[2018-10-18 18:09:23.493] [exthost1] [info] ExtensionService#_doActivateExtension vscode.merge-conflict {"startup":true,"activationEvent":"*"}
[2018-10-18 18:09:23.493] [exthost1] [info] ExtensionService#loadCommonJSModule /usr/share/code/resources/app/extensions/merge-conflict/out/extension
[2018-10-18 18:09:23.500] [exthost1] [info] ExtensionService#_doActivateExtension vscode.search-rg {"startup":true,"activationEvent":"*"}
[2018-10-18 18:09:23.500] [exthost1] [info] ExtensionService#loadCommonJSModule /usr/share/code/resources/app/extensions/search-rg/out/extension
[2018-10-18 18:09:23.505] [exthost1] [info] ExtensionService#_doActivateExtension dbaeumer.vscode-eslint {"startup":true,"activationEvent":"*"}
[2018-10-18 18:09:23.505] [exthost1] [info] ExtensionService#loadCommonJSModule /home/abn/.vscode/extensions/dbaeumer.vscode-eslint-1.6.0/client/out/extension
[2018-10-18 18:09:23.545] [exthost1] [info] ExtensionService#_doActivateExtension formulahendry.auto-close-tag {"startup":true,"activationEvent":"*"}
[2018-10-18 18:09:23.545] [exthost1] [info] ExtensionService#loadCommonJSModule /home/abn/.vscode/extensions/formulahendry.auto-close-tag-0.5.6/out/src/extension
[2018-10-18 18:09:23.546] [exthost1] [info] ExtensionService#_doActivateExtension formulahendry.auto-rename-tag {"startup":true,"activationEvent":"*"}
[2018-10-18 18:09:23.546] [exthost1] [info] ExtensionService#loadCommonJSModule /home/abn/.vscode/extensions/formulahendry.auto-rename-tag-0.0.15/out/src/extension
[2018-10-18 18:09:23.547] [exthost1] [info] ExtensionService#_doActivateExtension formulahendry.terminal {"startup":true,"activationEvent":"*"}
[2018-10-18 18:09:23.547] [exthost1] [info] ExtensionService#loadCommonJSModule /home/abn/.vscode/extensions/formulahendry.terminal-0.0.10/out/src/extension
[2018-10-18 18:09:23.563] [exthost1] [info] ExtensionService#_doActivateExtension HookyQR.beautify {"startup":true,"activationEvent":"*"}
[2018-10-18 18:09:23.563] [exthost1] [info] ExtensionService#loadCommonJSModule /home/abn/.vscode/extensions/hookyqr.beautify-1.4.6/extension
[2018-10-18 18:09:23.597] [exthost1] [info] ExtensionService#_doActivateExtension PKief.material-icon-theme {"startup":true,"activationEvent":"*"}
[2018-10-18 18:09:23.597] [exthost1] [info] ExtensionService#loadCommonJSModule /home/abn/.vscode/extensions/pkief.material-icon-theme-3.6.0/out/src/extension
[2018-10-18 18:09:23.896] [exthost1] [info] eager extensions activated
[2018-10-18 18:10:27.721] [exthost1] [info] ExtensionService#_doActivateExtension vscode.typescript-language-features {"startup":false,"activationEvent":"onLanguage:javascript"}
[2018-10-18 18:10:27.721] [exthost1] [info] ExtensionService#loadCommonJSModule /usr/share/code/resources/app/extensions/typescript-language-features/out/extension
[2018-10-18 18:10:27.798] [exthost1] [info] ExtensionService#_doActivateExtension christian-kohler.npm-intellisense {"startup":false,"activationEvent":"onLanguage:javascript"}
[2018-10-18 18:10:27.798] [exthost1] [info] ExtensionService#loadCommonJSModule /home/abn/.vscode/extensions/christian-kohler.npm-intellisense-1.3.0/out/src/extension
[2018-10-18 18:10:27.809] [exthost1] [info] ExtensionService#_doActivateExtension dbaeumer.jshint {"startup":false,"activationEvent":"onLanguage:javascript"}
[2018-10-18 18:10:27.809] [exthost1] [info] ExtensionService#loadCommonJSModule /home/abn/.vscode/extensions/dbaeumer.jshint-0.10.20/jshint/out/extension
[2018-10-18 18:16:27.653] [exthost1] [info] ExtensionService#_doActivateExtension vscode.extension-editing {"startup":false,"activationEvent":"onLanguage:typescript"}
[2018-10-18 18:16:27.653] [exthost1] [info] ExtensionService#loadCommonJSModule /usr/share/code/resources/app/extensions/extension-editing/out/extension
[2018-10-18 18:16:29.234] [exthost1] [info] ExtensionService#_doActivateExtension vscode.configuration-editing {"startup":false,"activationEvent":"onLanguage:jsonc"}
[2018-10-18 18:16:29.234] [exthost1] [info] ExtensionService#loadCommonJSModule /usr/share/code/resources/app/extensions/configuration-editing/out/extension
[2018-10-18 18:16:29.247] [exthost1] [info] ExtensionService#_doActivateExtension vscode.json-language-features {"startup":false,"activationEvent":"onLanguage:jsonc"}
[2018-10-18 18:16:29.247] [exthost1] [info] ExtensionService#loadCommonJSModule /usr/share/code/resources/app/extensions/json-language-features/client/out/jsonMain
[2018-10-18 18:16:31.639] [exthost1] [info] ExtensionService#_doActivateExtension vscode.html-language-features {"startup":false,"activationEvent":"onLanguage:html"}
[2018-10-18 18:16:31.639] [exthost1] [info] ExtensionService#loadCommonJSModule /usr/share/code/resources/app/extensions/html-language-features/client/out/htmlMain
